{
  "RSpec": {
    "coverage": {
      "/Users/tammam/projects/awesome_answers/config/environment.rb": [
        null,
        1,
        null,
        null,
        1
      ],
      "/Users/tammam/projects/awesome_answers/config/application.rb": [
        1,
        null,
        1,
        null,
        null,
        null,
        1,
        null,
        1,
        1,
        null,
        null,
        null,
        null,
        null,
        null,
        null,
        null,
        null,
        null,
        null,
        null,
        null
      ],
      "/Users/tammam/projects/awesome_answers/config/boot.rb": [
        null,
        1,
        null,
        1
      ],
      "/Users/tammam/projects/awesome_answers/config/environments/test.rb": [
        1,
        null,
        null,
        null,
        null,
        null,
        null,
        1,
        null,
        null,
        null,
        null,
        1,
        null,
        null,
        1,
        1,
        null,
        null,
        1,
        1,
        null,
        null,
        1,
        null,
        null,
        1,
        null,
        null,
        null,
        null,
        1,
        null,
        1,
        null,
        null,
        1,
        null
      ],
      "/Users/tammam/projects/awesome_answers/config/initializers/backtrace_silencers.rb": [
        null,
        null,
        null,
        null,
        null,
        null,
        null
      ],
      "/Users/tammam/projects/awesome_answers/config/initializers/devise.rb": [
        null,
        null,
        1,
        null,
        null,
        null,
        1,
        null,
        null,
        null,
        null,
        null,
        1,
        null,
        null,
        null,
        null,
        null,
        null,
        null,
        null,
        1,
        null,
        null,
        null,
        null,
        null,
        null,
        null,
        null,
        null,
        null,
        null,
        null,
        null,
        null,
        null,
        null,
        null,
        null,
        null,
        null,
        null,
        1,
        null,
        null,
        null,
        null,
        1,
        null,
        null,
        null,
        null,
        null,
        null,
        null,
        null,
        null,
        null,
        null,
        null,
        null,
        null,
        null,
        null,
        null,
        null,
        null,
        null,
        null,
        null,
        null,
        null,
        null,
        null,
        null,
        null,
        null,
        null,
        1,
        null,
        null,
        null,
        null,
        null,
        null,
        null,
        null,
        null,
        null,
        null,
        null,
        null,
        null,
        1,
        null,
        null,
        null,
        null,
        null,
        null,
        null,
        null,
        null,
        null,
        null,
        null,
        null,
        null,
        null,
        null,
        null,
        null,
        null,
        null,
        null,
        null,
        null,
        null,
        1,
        null,
        null,
        null,
        null,
        null,
        null,
        null,
        null,
        null,
        null,
        null,
        null,
        null,
        null,
        null,
        null,
        null,
        1,
        null,
        null,
        null,
        null,
        null,
        null,
        null,
        null,
        null,
        null,
        null,
        null,
        null,
        null,
        null,
        null,
        null,
        null,
        null,
        null,
        null,
        null,
        null,
        null,
        null,
        null,
        null,
        null,
        null,
        null,
        null,
        null,
        null,
        null,
        null,
        null,
        null,
        null,
        null,
        null,
        null,
        null,
        null,
        null,
        null,
        null,
        null,
        null,
        1,
        null,
        null,
        null,
        null,
        null,
        null,
        null,
        null,
        null,
        null,
        null,
        null,
        null,
        null,
        null,
        null,
        null,
        null,
        null,
        null,
        null,
        null,
        null,
        null,
        null,
        null,
        null,
        null,
        null,
        null,
        null,
        null,
        null,
        null,
        null,
        null,
        null,
        1,
        null,
        null,
        null,
        null,
        null,
        1,
        null,
        null,
        null,
        null,
        null,
        null,
        null,
        null,
        null,
        null,
        null,
        null,
        null,
        null,
        null,
        null,
        null,
        null,
        null,
        null,
        null,
        null,
        null,
        null,
        null
      ],
      "/Users/tammam/projects/awesome_answers/config/initializers/email_vars.rb": [
        1,
        1
      ],
      "/Users/tammam/projects/awesome_answers/config/initializers/filter_parameter_logging.rb": [
        null,
        null,
        null,
        1
      ],
      "/Users/tammam/projects/awesome_answers/config/initializers/formtastic.rb": [
        null
      ],
      "/Users/tammam/projects/awesome_answers/config/initializers/friendly_id.rb": [
        null,
        null,
        null,
        null,
        null,
        null,
        null,
        null,
        null,
        null,
        null,
        1,
        null,
        null,
        null,
        null,
        1,
        null,
        1,
        null,
        null,
        null,
        null,
        null,
        null,
        null,
        null,
        null,
        null,
        null,
        null,
        null,
        null,
        null,
        null,
        null,
        null,
        null,
        null,
        null,
        null,
        null,
        null,
        null,
        null,
        null,
        null,
        null,
        null,
        null,
        null,
        null,
        null,
        null,
        null,
        null,
        null,
        null,
        null,
        null,
        null,
        null,
        null,
        null,
        null,
        null,
        null,
        null,
        null,
        null,
        null,
        null,
        null,
        null,
        null,
        null,
        null,
        null,
        null,
        null,
        null,
        null,
        null,
        null,
        null,
        null,
        null,
        null
      ],
      "/Users/tammam/projects/awesome_answers/config/initializers/google_auth.rb": [
        1,
        1
      ],
      "/Users/tammam/projects/awesome_answers/config/initializers/inflections.rb": [
        null,
        null,
        null,
        null,
        null,
        null,
        null,
        null,
        null,
        null,
        null,
        null,
        null,
        null,
        null,
        null
      ],
      "/Users/tammam/projects/awesome_answers/config/initializers/mime_types.rb": [
        null,
        null,
        null,
        null,
        null
      ],
      "/Users/tammam/projects/awesome_answers/config/initializers/s3_vars.rb": [
        1,
        1,
        1
      ],
      "/Users/tammam/projects/awesome_answers/config/initializers/secret_token.rb": [
        null,
        null,
        null,
        null,
        null,
        null,
        null,
        null,
        null,
        null,
        null,
        1
      ],
      "/Users/tammam/projects/awesome_answers/config/initializers/session_store.rb": [
        null,
        null,
        1
      ],
      "/Users/tammam/projects/awesome_answers/config/initializers/setup_fog.rb": [
        1,
        1,
        null,
        null,
        null,
        null,
        1,
        1,
        1,
        null
      ],
      "/Users/tammam/projects/awesome_answers/config/initializers/setup_mail.rb": [
        1,
        null,
        null,
        null,
        null,
        null,
        null,
        null
      ],
      "/Users/tammam/projects/awesome_answers/config/initializers/setup_paperclip.rb": [
        1,
        0,
        null,
        null,
        null,
        null,
        null,
        null,
        null,
        null
      ],
      "/Users/tammam/projects/awesome_answers/config/initializers/simple_form.rb": [
        null,
        1,
        null,
        null,
        null,
        null,
        null,
        1,
        null,
        null,
        null,
        null,
        null,
        null,
        null,
        null,
        null,
        1,
        null,
        null,
        null,
        1,
        null,
        null,
        null,
        null,
        null,
        null,
        null,
        null,
        1,
        null,
        null,
        1,
        null,
        null,
        1,
        null,
        null,
        1,
        null,
        null,
        1,
        1,
        1,
        null,
        null,
        null,
        null,
        null,
        null,
        null,
        null,
        null,
        1,
        null,
        null,
        null,
        null,
        null,
        1,
        null,
        null,
        1,
        null,
        null,
        null,
        null,
        null,
        null,
        null,
        1,
        null,
        null,
        1,
        null,
        null,
        null,
        null,
        null,
        null,
        null,
        null,
        null,
        null,
        null,
        null,
        null,
        null,
        null,
        null,
        null,
        null,
        null,
        null,
        null,
        null,
        null,
        null,
        null,
        null,
        null,
        null,
        null,
        null,
        null,
        null,
        null,
        null,
        null,
        null,
        null,
        null,
        null,
        null,
        null,
        null,
        null,
        null,
        1,
        null,
        null,
        null,
        null,
        null,
        null,
        null,
        null,
        null,
        null,
        null,
        null,
        null,
        null,
        null,
        null,
        null,
        null,
        null,
        null,
        null,
        null,
        null,
        null,
        null,
        null,
        null,
        null,
        null,
        null,
        null,
        null,
        1,
        null,
        null,
        null,
        null,
        null,
        null,
        null,
        null
      ],
      "/Users/tammam/projects/awesome_answers/config/initializers/simple_form_bootstrap.rb": [
        null,
        1,
        1,
        1,
        1,
        null,
        1,
        1,
        1,
        1,
        null,
        1,
        1,
        1,
        1,
        null,
        null,
        null,
        1,
        1,
        1,
        1,
        null,
        1,
        1,
        1,
        1,
        null,
        null,
        null,
        1,
        1,
        1,
        null,
        1,
        1,
        null,
        null,
        1,
        1,
        null,
        null,
        1,
        1,
        1,
        1,
        1,
        1,
        null,
        null,
        1,
        1,
        1,
        1,
        null,
        1,
        1,
        1,
        1,
        null,
        null,
        null,
        1,
        1,
        1,
        1,
        null,
        1,
        1,
        1,
        1,
        null,
        null,
        null,
        1,
        1,
        1,
        null,
        1,
        1,
        1,
        null,
        null,
        1,
        1,
        null,
        null,
        null,
        1,
        1,
        1,
        null,
        1,
        null,
        1,
        1,
        1,
        1,
        null,
        null,
        null,
        null,
        null,
        null,
        null,
        1,
        null
      ],
      "/Users/tammam/projects/awesome_answers/config/initializers/stripe.rb": [
        1,
        1,
        1,
        null,
        null,
        1
      ],
      "/Users/tammam/projects/awesome_answers/config/initializers/wrap_parameters.rb": [
        null,
        null,
        null,
        null,
        null,
        null,
        1,
        1,
        null,
        null,
        null,
        null,
        null,
        null
      ],
      "/Users/tammam/projects/awesome_answers/spec/factories/answer.rb": [
        1,
        1,
        1,
        1,
        null,
        null
      ],
      "/Users/tammam/projects/awesome_answers/spec/factories/api_keys.rb": [
        null,
        null,
        1,
        1,
        1,
        null,
        null
      ],
      "/Users/tammam/projects/awesome_answers/spec/factories/comments.rb": [
        null,
        null,
        1,
        1,
        1,
        1,
        null,
        null
      ],
      "/Users/tammam/projects/awesome_answers/spec/factories/like.rb": [
        1,
        null,
        1,
        1,
        1,
        null,
        null,
        null
      ],
      "/Users/tammam/projects/awesome_answers/spec/factories/question.rb": [
        1,
        1,
        1,
        1,
        1,
        1,
        null,
        null
      ],
      "/Users/tammam/projects/awesome_answers/spec/factories/user.rb": [
        1,
        1,
        43,
        1,
        null,
        null
      ],
      "/Users/tammam/projects/awesome_answers/spec/factories/votes.rb": [
        null,
        null,
        1,
        1,
        null,
        null
      ],
      "/Users/tammam/projects/awesome_answers/config/routes.rb": [
        1,
        1,
        null,
        1,
        1,
        1,
        1,
        null,
        1,
        1,
        null,
        null,
        1,
        1,
        1,
        1,
        null,
        null,
        null,
        1,
        1,
        1,
        null,
        null,
        null,
        1,
        null,
        1,
        null,
        null
      ],
      "/Users/tammam/projects/awesome_answers/app/models/user.rb": [
        1,
        null,
        null,
        1,
        null,
        null,
        1,
        1,
        null,
        1,
        1,
        1,
        null,
        1,
        1,
        null,
        1,
        null,
        1,
        null,
        1,
        11,
        0,
        null,
        11,
        null,
        null,
        null,
        1,
        0,
        0,
        null,
        0,
        0,
        null,
        0,
        0,
        null,
        null,
        null,
        null,
        null,
        0,
        null,
        null,
        1,
        0,
        null,
        null,
        1,
        1,
        null,
        null,
        1,
        0,
        null,
        null,
        1,
        1,
        1,
        0,
        null,
        null,
        null,
        1,
        null,
        1,
        42,
        null,
        null,
        null
      ],
      "/Users/tammam/projects/awesome_answers/app/helpers/answers_helper.rb": [
        1,
        null
      ],
      "/Users/tammam/projects/awesome_answers/app/helpers/application_helper.rb": [
        1,
        null,
        1,
        2,
        null,
        null
      ],
      "/Users/tammam/projects/awesome_answers/app/helpers/comments_helper.rb": [
        1,
        null
      ],
      "/Users/tammam/projects/awesome_answers/app/helpers/likes_helper.rb": [
        1,
        null
      ],
      "/Users/tammam/projects/awesome_answers/app/helpers/questions_helper.rb": [
        1,
        null
      ],
      "/Users/tammam/projects/awesome_answers/app/helpers/votes_helper.rb": [
        1,
        null
      ],
      "/Users/tammam/projects/awesome_answers/spec/support/devise.rb": [
        1,
        1,
        null
      ],
      "/Users/tammam/projects/awesome_answers/spec/support/user_not_signed_in.rb": [
        1,
        null,
        0,
        0,
        0,
        null,
        null,
        null
      ],
      "/Users/tammam/projects/awesome_answers/app/controllers/answers_controller.rb": [
        1,
        1,
        1,
        null,
        1,
        3,
        3,
        3,
        3,
        3,
        1,
        2,
        null,
        0,
        0,
        null,
        null,
        null,
        null,
        1,
        0,
        0,
        0,
        0,
        0,
        null,
        null,
        null,
        1,
        null,
        1,
        3,
        null,
        null,
        1,
        3,
        null,
        null,
        null
      ],
      "/Users/tammam/projects/awesome_answers/app/controllers/application_controller.rb": [
        1,
        null,
        null,
        1,
        1,
        1,
        1,
        null,
        1,
        0,
        0,
        null,
        null,
        null,
        1,
        53,
        null,
        null,
        1,
        2,
        null,
        null,
        1,
        112,
        null,
        null,
        null
      ],
      "/Users/tammam/projects/awesome_answers/spec/controllers/api/v1/questions_controller_spec.rb": [
        1,
        null,
        1,
        1,
        7,
        null,
        1,
        null,
        6,
        null,
        null,
        1,
        6,
        6,
        null,
        null,
        1,
        5,
        null,
        null,
        2,
        2,
        2,
        2,
        2,
        null,
        null,
        null,
        1,
        2,
        null,
        1,
        1,
        null,
        null,
        1,
        1,
        1,
        null,
        null,
        null,
        null,
        null
      ],
      "/Users/tammam/projects/awesome_answers/app/controllers/api/v1/questions_controller.rb": [
        1,
        null,
        1,
        null,
        1,
        5,
        null,
        null,
        1,
        1,
        null,
        null,
        null,
        null,
        null,
        null,
        null,
        null,
        null,
        null,
        null,
        null,
        null
      ],
      "/Users/tammam/projects/awesome_answers/app/controllers/api/base_controller.rb": [
        1,
        null,
        1,
        null,
        1,
        6,
        6,
        6,
        null,
        null,
        null,
        null,
        null,
        1,
        0,
        null,
        null,
        null
      ],
      "/Users/tammam/projects/awesome_answers/spec/controllers/comments_controller_spec.rb": [
        1,
        null,
        1,
        null,
        8,
        7,
        null,
        1,
        4,
        null,
        null,
        1,
        null,
        1,
        6,
        null,
        null,
        1,
        null,
        1,
        1,
        1,
        2,
        null,
        null,
        1,
        1,
        1,
        2,
        null,
        null,
        1,
        1,
        1,
        null,
        null,
        1,
        3,
        null,
        null,
        null,
        1,
        1,
        1,
        null,
        null,
        1,
        4,
        null,
        null,
        1,
        1,
        1,
        null,
        null,
        null,
        null,
        null,
        null,
        1,
        1,
        4,
        null,
        null,
        null,
        null,
        null
      ],
      "/Users/tammam/projects/awesome_answers/app/controllers/comments_controller.rb": [
        1,
        1,
        null,
        1,
        6,
        6,
        6,
        3,
        null,
        3,
        3,
        3,
        null,
        null,
        null,
        null
      ],
      "/Users/tammam/projects/awesome_answers/spec/controllers/likes_controller_spec.rb": [
        1,
        null,
        1,
        11,
        8,
        5,
        null,
        1,
        10,
        null,
        null,
        1,
        1,
        3,
        1,
        4,
        null,
        null,
        1,
        1,
        1,
        null,
        null,
        null,
        1,
        3,
        1,
        1,
        1,
        null,
        null,
        1,
        4,
        null,
        null,
        null,
        null,
        1,
        1,
        5,
        null,
        1,
        1,
        4,
        null,
        null,
        1,
        4,
        null,
        null,
        null,
        1,
        3,
        3,
        null,
        1,
        4,
        null,
        null,
        1,
        4,
        null,
        null,
        null,
        null,
        null,
        1,
        3,
        null,
        1,
        1,
        4,
        null,
        null,
        null,
        1,
        2,
        2,
        null,
        1,
        4,
        null,
        null,
        null,
        null,
        null,
        null
      ],
      "/Users/tammam/projects/awesome_answers/app/controllers/likes_controller.rb": [
        1,
        1,
        1,
        null,
        1,
        4,
        4,
        null,
        0,
        null,
        null,
        null,
        1,
        6,
        4,
        null,
        2,
        null,
        null,
        null,
        1,
        null,
        1,
        24,
        10,
        null,
        null,
        1,
        10,
        null,
        null,
        1,
        10,
        6,
        4,
        null,
        null,
        null,
        null
      ],
      "/Users/tammam/projects/awesome_answers/spec/controllers/questions_controller_spec.rb": [
        1,
        null,
        null,
        1,
        10,
        null,
        1,
        4,
        4,
        4,
        null,
        1,
        1,
        1,
        null,
        null,
        1,
        1,
        1,
        null,
        null,
        1,
        22,
        1,
        1,
        1,
        null,
        null,
        null,
        null,
        null,
        null,
        null,
        null,
        null,
        null,
        null,
        null,
        null,
        1,
        null,
        1,
        3,
        null,
        1,
        1,
        1,
        null,
        null,
        1,
        1,
        1,
        null,
        null,
        null,
        null,
        null,
        1,
        null,
        1,
        2,
        null,
        null,
        1,
        1,
        1,
        1,
        null,
        null,
        null,
        1,
        3,
        null,
        1,
        4,
        null,
        null,
        1,
        1,
        1,
        null,
        null,
        null,
        null,
        null,
        1,
        1,
        3,
        null,
        2,
        null,
        2,
        2,
        null,
        1,
        1,
        1,
        null,
        null,
        1,
        2,
        null,
        null,
        null,
        null,
        null,
        1,
        4,
        null,
        1,
        4,
        null,
        1,
        1,
        1,
        1,
        null,
        null,
        1,
        1,
        1,
        1,
        1,
        null,
        null,
        1,
        1,
        1,
        null,
        null,
        null,
        null,
        null,
        null,
        1,
        3,
        null,
        1,
        1,
        1,
        null,
        null,
        1,
        1,
        1,
        1,
        null,
        null,
        null,
        null,
        null
      ],
      "/Users/tammam/projects/awesome_answers/app/controllers/questions_controller.rb": [
        1,
        null,
        1,
        1,
        null,
        null,
        1,
        6,
        6,
        null,
        null,
        1,
        4,
        null,
        null,
        1,
        4,
        4,
        3,
        null,
        1,
        null,
        null,
        null,
        1,
        null,
        null,
        1,
        3,
        2,
        2,
        null,
        1,
        null,
        null,
        null,
        1,
        4,
        4,
        4,
        4,
        4,
        null,
        null,
        1,
        null,
        1,
        7,
        null,
        null,
        1,
        5,
        null,
        null,
        null
      ],
      "/Users/tammam/projects/awesome_answers/spec/controllers/tips_controller_spec.rb": [
        1,
        null,
        1,
        4,
        null,
        1,
        3,
        null,
        null,
        1,
        1,
        1,
        1,
        null,
        null,
        null,
        1,
        null,
        1,
        1,
        1,
        1,
        null,
        null,
        1,
        1,
        1,
        1,
        null,
        null,
        null,
        null,
        null
      ],
      "/Users/tammam/projects/awesome_answers/app/controllers/tips_controller.rb": [
        1,
        1,
        null,
        1,
        null,
        null,
        null,
        1,
        2,
        null,
        null,
        null,
        2,
        1,
        null,
        1,
        1,
        null,
        null,
        null,
        null,
        null
      ],
      "/Users/tammam/projects/awesome_answers/spec/features/answers_spec.rb": [
        1,
        null,
        null,
        1,
        1,
        1,
        null,
        2,
        null,
        1,
        1,
        1,
        null,
        null,
        null,
        null,
        null,
        null,
        null,
        null,
        null,
        null,
        null,
        null,
        null,
        null,
        null,
        null,
        null
      ],
      "/Users/tammam/projects/awesome_answers/spec/features/creating_answers_spec.rb": [
        1,
        null,
        null,
        1,
        2,
        2,
        null,
        1,
        1,
        null,
        null,
        1,
        1,
        1,
        1,
        1,
        1,
        0,
        null,
        null,
        null,
        null
      ],
      "/Users/tammam/projects/awesome_answers/spec/features/creating_questions_spec.rb": [
        1,
        null,
        null,
        1,
        3,
        null,
        1,
        2,
        null,
        null,
        1,
        1,
        1,
        1,
        1,
        1,
        1,
        1,
        null,
        null,
        1,
        1,
        1,
        1,
        1,
        1,
        1,
        1,
        null,
        null,
        null,
        null,
        null,
        null,
        null,
        null,
        null
      ],
      "/Users/tammam/projects/awesome_answers/spec/helpers/comments_helper_spec.rb": [
        1,
        null,
        null,
        null,
        null,
        null,
        null,
        null,
        null,
        null,
        null,
        null,
        1,
        1,
        null
      ],
      "/Users/tammam/projects/awesome_answers/spec/mailers/answer_mailer_spec.rb": [
        1,
        null,
        1,
        4,
        4,
        4,
        null,
        1,
        null,
        4,
        null,
        2,
        2,
        2,
        null,
        null,
        null,
        null,
        null,
        null,
        null,
        null,
        null,
        null,
        null,
        null,
        null,
        null,
        null,
        null,
        null,
        null,
        null,
        null
      ],
      "/Users/tammam/projects/awesome_answers/app/mailers/answer_mailer.rb": [
        1,
        1,
        null,
        1,
        6,
        6,
        6,
        6,
        null,
        null,
        null
      ],
      "/Users/tammam/projects/awesome_answers/spec/models/answer_spec.rb": [
        1,
        null,
        1,
        null,
        1,
        1,
        1,
        1,
        null,
        null,
        null
      ],
      "/Users/tammam/projects/awesome_answers/app/models/answer.rb": [
        1,
        1,
        1,
        null,
        1,
        null,
        1,
        1,
        null,
        1,
        null,
        1,
        null,
        1,
        2,
        null,
        null,
        1,
        2,
        null,
        null,
        1,
        null,
        1,
        18,
        null,
        null,
        null
      ],
      "/Users/tammam/projects/awesome_answers/spec/models/api_key_spec.rb": [
        1,
        null,
        1,
        1,
        null
      ],
      "/Users/tammam/projects/awesome_answers/app/models/api_key.rb": [
        1,
        1,
        null,
        1,
        null,
        1,
        null,
        1,
        null,
        48,
        48,
        null,
        null,
        null
      ],
      "/Users/tammam/projects/awesome_answers/spec/models/comment_spec.rb": [
        1,
        null,
        1,
        null,
        1,
        1,
        1,
        null,
        1,
        null,
        null,
        1,
        1,
        1,
        null,
        null,
        1,
        1,
        1,
        1,
        1,
        null,
        null,
        1,
        1,
        1,
        1,
        1,
        null,
        null,
        null,
        null,
        1,
        null,
        1,
        2,
        22,
        null,
        null,
        null,
        3,
        null,
        2,
        null,
        null,
        null,
        null,
        2,
        null,
        null,
        null,
        null,
        null,
        null,
        null
      ],
      "/Users/tammam/projects/awesome_answers/app/models/comment.rb": [
        1,
        1,
        null,
        1,
        null,
        3,
        null,
        1,
        2,
        null,
        null,
        null
      ],
      "/Users/tammam/projects/awesome_answers/spec/views/questions/new.html.haml_spec.rb": [
        1,
        null,
        1,
        null,
        null,
        1,
        3,
        3,
        null,
        null,
        1,
        1,
        null,
        null,
        1,
        1,
        null,
        null,
        1,
        1,
        null,
        null,
        null,
        null
      ],
      "/Users/tammam/projects/awesome_answers/app/models/question.rb": [
        1,
        1,
        1,
        null,
        1,
        null,
        null,
        null,
        null,
        null,
        null,
        null,
        null,
        null,
        1,
        1,
        null,
        1,
        1,
        null,
        1,
        1,
        null,
        1,
        1,
        null,
        null,
        1,
        null,
        1,
        1,
        1,
        1,
        null,
        147,
        null,
        1,
        null,
        null,
        null,
        null,
        null,
        1,
        2,
        null,
        null,
        1,
        4,
        4,
        null,
        null,
        1,
        0,
        0,
        null,
        null,
        1,
        null,
        1,
        4,
        4,
        null,
        null,
        1,
        84,
        null,
        null,
        null
      ],
      "/Users/tammam/projects/awesome_answers/app/uploaders/image_uploader.rb": [
        null,
        null,
        1,
        null,
        null,
        1,
        null,
        null,
        null,
        1,
        null,
        null,
        null,
        null,
        1,
        0,
        null,
        null,
        null,
        1,
        null,
        null,
        null,
        0,
        null,
        null,
        null,
        null,
        null,
        null,
        null,
        null,
        null,
        null,
        1,
        1,
        null,
        null,
        1,
        1,
        null,
        null,
        1,
        1,
        null,
        null,
        null,
        null,
        null,
        null,
        null,
        null,
        null,
        null,
        null,
        null,
        null,
        null,
        null
      ],
      "/Users/tammam/projects/awesome_answers/app/models/category.rb": [
        1,
        1,
        1,
        null
      ],
      "/Users/tammam/projects/awesome_answers/app/models/categorization.rb": [
        1,
        1,
        1,
        null
      ],
      "/Users/tammam/projects/awesome_answers/app/models/ability.rb": [
        1,
        1,
        null,
        1,
        2,
        2,
        0,
        null,
        2,
        null,
        null,
        null,
        2,
        2,
        null,
        null,
        null,
        null
      ],
      "/Users/tammam/projects/awesome_answers/app/models/vote.rb": [
        1,
        1,
        1,
        null,
        1,
        null,
        1,
        1,
        null,
        1,
        1,
        null,
        1,
        0,
        null,
        null,
        1,
        null,
        1,
        0,
        null,
        null,
        null
      ],
      "/Users/tammam/projects/awesome_answers/app/models/like.rb": [
        1,
        1,
        1,
        null
      ]
    },
    "timestamp": 1398701211
  }
}
